{
  "RSpec": {
    "coverage": {
      "/Users/igorsouza/Documents/Github/swgem/lib/swgem.rb": [
        1,
        1,
        null,
        1,
        1,
        null,
        1,
        null,
        1,
        23,
        23,
        23,
        null,
        null,
        null,
        1,
        7,
        null,
        null,
        1,
        10,
        null,
        null,
        null,
        1,
        6,
        null,
        null,
        1,
        null,
        1,
        23,
        null,
        1,
        null,
        null,
        null,
        null,
        1,
        1,
        1,
        1,
        1,
        1
      ],
      "/Users/igorsouza/Documents/Github/swgem/lib/swgem/people.rb": [
        1,
        1,
        null,
        null,
        null
      ],
      "/Users/igorsouza/Documents/Github/swgem/lib/swgem/films.rb": [
        1,
        1,
        null,
        1,
        8,
        null,
        null,
        null,
        null
      ],
      "/Users/igorsouza/Documents/Github/swgem/lib/swgem/planets.rb": [
        1,
        1,
        null,
        null
      ],
      "/Users/igorsouza/Documents/Github/swgem/lib/swgem/starships.rb": [
        1,
        1,
        null,
        null,
        null
      ],
      "/Users/igorsouza/Documents/Github/swgem/lib/swgem/vehicles.rb": [
        1,
        1,
        null,
        null,
        null
      ],
      "/Users/igorsouza/Documents/Github/swgem/lib/swgem/species.rb": [
        1,
        1,
        null,
        null
      ],
      "/Users/igorsouza/Documents/Github/swgem/spec/lib/people_spec.rb": [
        1,
        1,
        null,
        null,
        1,
        1,
        1,
        1,
        1,
        null,
        null,
        null,
        1,
        1,
        1,
        1,
        10,
        null,
        null,
        null,
        null,
        null
      ],
      "/Users/igorsouza/Documents/Github/swgem/spec/lib/planets_spec.rb": [
        1,
        null,
        1,
        1,
        1,
        1,
        1,
        null,
        null,
        null,
        1,
        1,
        1,
        1,
        10,
        null,
        null,
        null,
        1,
        1,
        1,
        null,
        null,
        1,
        1,
        1,
        1,
        null,
        null,
        null,
        null,
        null
      ],
      "/Users/igorsouza/Documents/Github/swgem/spec/lib/species_spec.rb": [
        1,
        1,
        null,
        1,
        1,
        1,
        1,
        1,
        null,
        null,
        null,
        1,
        1,
        1,
        1,
        10,
        null,
        null,
        null,
        1,
        1,
        1,
        null,
        null,
        1,
        1,
        1,
        1,
        null,
        null,
        null,
        null,
        null
      ],
      "/Users/igorsouza/Documents/Github/swgem/spec/lib/starships_spec.rb": [
        1,
        1,
        null,
        1,
        1,
        1,
        1,
        1,
        null,
        null,
        null,
        1,
        1,
        1,
        1,
        10,
        null,
        null,
        null,
        1,
        1,
        1,
        null,
        null,
        1,
        1,
        1,
        1,
        null,
        null,
        null,
        null,
        null
      ],
      "/Users/igorsouza/Documents/Github/swgem/spec/lib/vehicles_spec.rb": [
        1,
        1,
        null,
        1,
        1,
        1,
        1,
        1,
        null,
        null,
        null,
        1,
        1,
        1,
        1,
        10,
        null,
        null,
        null,
        1,
        1,
        1,
        null,
        null,
        1,
        1,
        1,
        1,
        null,
        null,
        null,
        null,
        null
      ]
    },
    "timestamp": 1477421659
  }
}
